[debug] [2021-07-12T06:12:30.607Z] ----------------------------------------------------------------------
[debug] [2021-07-12T06:12:30.611Z] Command:       /Users/johnamielyasis/.nvm/versions/node/v14.16.1/bin/node /Users/johnamielyasis/.nvm/versions/node/v14.16.1/bin/firebase init hosting
[debug] [2021-07-12T06:12:30.611Z] CLI Version:   9.16.0
[debug] [2021-07-12T06:12:30.611Z] Platform:      darwin
[debug] [2021-07-12T06:12:30.611Z] Node Version:  v14.16.1
[debug] [2021-07-12T06:12:30.613Z] Time:          Sun Jul 11 2021 23:12:30 GMT-0700 (Pacific Daylight Time)
[debug] [2021-07-12T06:12:30.614Z] ----------------------------------------------------------------------
[debug] 
[debug] [2021-07-12T06:12:30.684Z] > command requires scopes: ["email","openid","https://www.googleapis.com/auth/cloudplatformprojects.readonly","https://www.googleapis.com/auth/firebase","https://www.googleapis.com/auth/cloud-platform"]
[debug] [2021-07-12T06:12:30.684Z] > authorizing via signed-in user (johnamielyasis@gmail.com)
[info] 
     ######## #### ########  ######## ########     ###     ######  ########
     ##        ##  ##     ## ##       ##     ##  ##   ##  ##       ##
     ######    ##  ########  ######   ########  #########  ######  ######
     ##        ##  ##    ##  ##       ##     ## ##     ##       ## ##
     ##       #### ##     ## ######## ########  ##     ##  ######  ########

You're about to initialize a Firebase project in this directory:

  /Users/johnamielyasis/Documents/Work/hr/w11/shortcuts

Before we get started, keep in mind:

  * You are initializing within an existing Firebase project directory

[info] 
=== Project Setup
[info] 
[info] First, let's associate this project directory with a Firebase project.
[info] You can create multiple project aliases by running firebase use --add, 
[info] but for now we'll just set up a default project.
[info] 
[info] i  .firebaserc already has a default project, using shortcut-trainer. 
[debug] [2021-07-12T06:12:30.695Z] > refreshing access token with scopes: []
[debug] [2021-07-12T06:12:30.696Z] >>> HTTP REQUEST POST https://www.googleapis.com/oauth2/v3/token  
 <request body omitted>
[debug] [2021-07-12T06:12:30.914Z] <<< HTTP RESPONSE 200 {"expires":"Mon, 01 Jan 1990 00:00:00 GMT","cache-control":"no-cache, no-store, max-age=0, must-revalidate","date":"Mon, 12 Jul 2021 06:12:30 GMT","pragma":"no-cache","content-type":"application/json; charset=utf-8","vary":"X-Origin, Referer, Origin,Accept-Encoding","server":"scaffolding on HTTPServer2","x-xss-protection":"0","x-frame-options":"SAMEORIGIN","x-content-type-options":"nosniff","alt-svc":"h3=\":443\"; ma=2592000,h3-29=\":443\"; ma=2592000,h3-T051=\":443\"; ma=2592000,h3-Q050=\":443\"; ma=2592000,h3-Q046=\":443\"; ma=2592000,h3-Q043=\":443\"; ma=2592000,quic=\":443\"; ma=2592000; v=\"46,43\"","accept-ranges":"none","transfer-encoding":"chunked"}
[debug] [2021-07-12T06:12:30.947Z] >>> [apiv2][query] GET https://firebase.googleapis.com/v1beta1/projects/shortcut-trainer [none]
[debug] [2021-07-12T06:12:31.155Z] <<< [apiv2][status] GET https://firebase.googleapis.com/v1beta1/projects/shortcut-trainer 200
[debug] [2021-07-12T06:12:31.155Z] <<< [apiv2][body] GET https://firebase.googleapis.com/v1beta1/projects/shortcut-trainer {"projectId":"shortcut-trainer","projectNumber":"767720574047","displayName":"shortcut-trainer","name":"projects/shortcut-trainer","resources":{"hostingSite":"shortcut-trainer","realtimeDatabaseInstance":"shortcut-trainer-default-rtdb"},"state":"ACTIVE"}
[info] 
=== Hosting Setup
[info] 
[info] Your public directory is the folder (relative to your project directory) that
[info] will contain Hosting assets to be uploaded with firebase deploy. If you
[info] have a build process for your assets, use your build's output directory.
[info] 
